2011-07-28 19:31:12,760 INFO jxmpp.com.code.google.core.events.CompositeEventAggregator: Creating composite event aggegator
2011-07-28 19:31:12,798 INFO jxmpp.com.code.google.core.connectivity.ConnectionDirector: Establishing connection to server
2011-07-28 19:31:14,631 INFO jxmpp.com.code.google.core.connectivity.ConnectionDirector: Connected to server
2011-07-28 19:31:14,632 INFO jxmpp.com.code.google.core.connectivity.ConnectionDirector: Performing authentication
2011-07-28 19:31:15,812 INFO jxmpp.com.code.google.core.connectivity.ConnectionDirector: Authenticated to server
2011-07-28 19:31:15,812 INFO jxmpp.com.code.google.core.connectivity.ConnectionDirector: Started joining groupchats
2011-07-28 19:31:15,812 INFO jxmpp.com.code.google.core.connectivity.ConnectionDirector: Joining christian@conference.jabber.ru/TheBot
2011-07-28 19:31:20,821 ERROR jxmpp.com.code.google.core.Main: Error during main lifecycle
No response from server.: 
	at org.jivesoftware.smackx.muc.MultiUserChat.join(MultiUserChat.java:498)
	at jxmpp.com.code.google.core.connectivity.ConnectionDirector.initRoom(ConnectionDirector.java:89)
	at jxmpp.com.code.google.core.connectivity.ConnectionDirector.initRooms(ConnectionDirector.java:75)
	at jxmpp.com.code.google.core.connectivity.ConnectionDirector.run(ConnectionDirector.java:54)
	at jxmpp.com.code.google.core.JxmppBot.run(JxmppBot.java:29)
	at jxmpp.com.code.google.core.Main.main(Main.java:27)
	at sun.reflect.NativeMethodAccessorImpl.invoke0(Native Method)
	at sun.reflect.NativeMethodAccessorImpl.invoke(NativeMethodAccessorImpl.java:39)
	at sun.reflect.DelegatingMethodAccessorImpl.invoke(DelegatingMethodAccessorImpl.java:25)
	at java.lang.reflect.Method.invoke(Method.java:597)
	at com.intellij.rt.execution.application.AppMain.main(AppMain.java:120)
2011-07-28 19:31:50,274 INFO jxmpp.com.code.google.core.events.CompositeEventAggregator: Creating composite event aggegator
2011-07-28 19:31:50,314 INFO jxmpp.com.code.google.core.connectivity.ConnectionDirector: Establishing connection to server
2011-07-28 19:31:51,979 INFO jxmpp.com.code.google.core.connectivity.ConnectionDirector: Connected to server
2011-07-28 19:31:51,980 INFO jxmpp.com.code.google.core.connectivity.ConnectionDirector: Performing authentication
2011-07-28 19:31:53,162 INFO jxmpp.com.code.google.core.connectivity.ConnectionDirector: Authenticated to server
2011-07-28 19:31:53,162 INFO jxmpp.com.code.google.core.connectivity.ConnectionDirector: Started joining groupchats
2011-07-28 19:31:53,162 INFO jxmpp.com.code.google.core.connectivity.ConnectionDirector: Joining christian@conference.jabber.ru/TheBot
2011-07-28 19:31:53,900 INFO jxmpp.com.code.google.core.connectivity.ConnectionDirector: Joined room
2011-07-28 19:31:53,900 INFO jxmpp.com.code.google.core.connectivity.ConnectionDirector: All groupchats are joined
2011-07-28 19:32:48,844 INFO jxmpp.com.code.google.core.events.CompositeEventAggregator: Creating composite event aggegator
2011-07-28 19:32:48,887 INFO jxmpp.com.code.google.core.connectivity.ConnectionDirector: Establishing connection to server
2011-07-28 19:32:50,538 INFO jxmpp.com.code.google.core.connectivity.ConnectionDirector: Connected to server
2011-07-28 19:32:50,539 INFO jxmpp.com.code.google.core.connectivity.ConnectionDirector: Performing authentication
2011-07-28 19:32:51,725 INFO jxmpp.com.code.google.core.connectivity.ConnectionDirector: Authenticated to server
2011-07-28 19:32:51,725 INFO jxmpp.com.code.google.core.connectivity.ConnectionDirector: Started joining groupchats
2011-07-28 19:32:51,726 INFO jxmpp.com.code.google.core.connectivity.ConnectionDirector: Joining christian@conference.jabber.ru/TheBot
2011-07-28 19:32:51,837 INFO jxmpp.com.code.google.core.connectivity.ConnectionDirector: Joined room
2011-07-28 19:32:51,837 INFO jxmpp.com.code.google.core.connectivity.ConnectionDirector: All groupchats are joined
